<?xml version="1.0" encoding="UTF-8"?>
<!-- Generated by org.testng.reporters.JUnitReportReporter -->
<testsuite hostname="DESKTOP-VATQQUM" failures="0" tests="7" name="test.TestExamples" time="4.133" errors="0" timestamp="2021-01-10T19:26:35 GMT-08:00" skipped="6">
  <testcase classname="test.TestExamples" name="test_7" time="4.133"/>
  <system-out/>
  <testcase classname="test.TestExamples" name="test_6">
    <skipped/>
  </testcase> <!-- test_6 -->
  <system-out/>
  <testcase classname="test.TestExamples" name="test_2">
    <skipped/>
  </testcase> <!-- test_2 -->
  <system-out/>
  <testcase classname="test.TestExamples" name="test_3">
    <skipped/>
  </testcase> <!-- test_3 -->
  <system-out/>
  <testcase classname="test.TestExamples" name="test_4">
    <skipped/>
  </testcase> <!-- test_4 -->
  <system-out/>
  <testcase classname="test.TestExamples" name="test_5">
    <skipped/>
  </testcase> <!-- test_5 -->
  <system-out/>
  <testcase classname="test.TestExamples" name="test_1">
    <skipped/>
  </testcase> <!-- test_1 -->
  <system-out/>
</testsuite> <!-- test.TestExamples -->
