<?xml version="1.0" encoding="UTF-8"?>
<!-- Generated by org.testng.reporters.JUnitReportReporter -->
<testsuite hostname="DESKTOP-VATQQUM" failures="0" tests="1" name="utils.XcelUtils" time="0.982" errors="0" timestamp="2021-01-24T18:58:43 GMT-08:00" skipped="0">
  <testcase classname="utils.XcelUtils" name="getRowCount" time="0.982"/>
  <system-out/>
</testsuite> <!-- utils.XcelUtils -->
