<?xml version="1.0" encoding="UTF-8"?>
<!-- Generated by org.testng.reporters.JUnitReportReporter -->
<testsuite hostname="DESKTOP-VATQQUM" failures="0" tests="3" name="test2.params" time="6.456" errors="0" timestamp="2021-01-23T23:22:59 GMT-08:00" skipped="1">
  <testcase classname="test2.params" name="post" time="0.672"/>
  <system-out/>
  <testcase classname="test2.params" name="post" time="5.784"/>
  <system-out/>
  <testcase classname="test2.params" name="delete">
    <skipped/>
  </testcase> <!-- delete -->
  <system-out/>
</testsuite> <!-- test2.params -->
