<?xml version="1.0" encoding="UTF-8"?>
<!-- Generated by org.testng.reporters.JUnitReportReporter -->
<testsuite hostname="DESKTOP-VATQQUM" failures="0" tests="1" name="utils.XcelUtilTest" time="0.864" errors="0" timestamp="2021-01-24T19:45:26 GMT-08:00" skipped="0">
  <testcase classname="utils.XcelUtilTest" name="callXcelUtils" time="0.864"/>
  <system-out/>
</testsuite> <!-- utils.XcelUtilTest -->
