<?xml version="1.0" encoding="UTF-8"?>
<!-- Generated by org.testng.reporters.JUnitReportReporter -->
<testsuite hostname="DESKTOP-VATQQUM" failures="0" tests="5" name="test2.xampl" time="5.197" errors="0" timestamp="2021-01-26T19:21:53 GMT-08:00" skipped="4">
  <testcase classname="test2.xampl" name="get" time="5.197"/>
  <system-out/>
  <testcase classname="test2.xampl" name="patch">
    <skipped/>
  </testcase> <!-- patch -->
  <system-out/>
  <testcase classname="test2.xampl" name="post">
    <skipped/>
  </testcase> <!-- post -->
  <system-out/>
  <testcase classname="test2.xampl" name="delete">
    <skipped/>
  </testcase> <!-- delete -->
  <system-out/>
  <testcase classname="test2.xampl" name="put">
    <skipped/>
  </testcase> <!-- put -->
  <system-out/>
</testsuite> <!-- test2.xampl -->
